
2020-06-17 15:53:28 INFO
/Users/eden/workspace/djangoWebServer/apps/test_platform/api_framework/director.py
process_id:22486
thread_id:123145582063616
report_id:158
task_status:完成
test_task:deque([{'api_name': 'django测试接口', 'method': 'GET', 'path': '/demo/django/', 'case_id': '1', 'interface_id': '443', 'reconnection_times': 3, 'wait_time': 10, 'headers': '{}', 'data': '{"a":"测试参数"}', 'mock_status': False, 'mock_response': '{}', 'expression_status': False, 'text': None, 'sort': 0, 'status': True, 'create_time': '2020-06-14', 'update_time': '2020-06-14'}, {'api_name': '所有接口数据', 'method': 'GET', 'path': '/platform/ProjectViews/', 'case_id': '1', 'interface_id': '1', 'reconnection_times': 3, 'wait_time': 10, 'headers': '{}', 'data': '{"test":$..&0#}', 'mock_status': False, 'mock_response': '{}', 'expression_status': True, 'text': None, 'sort': 1, 'status': True, 'create_time': '2020-06-14', 'update_time': '2020-06-14'}])
time_taken:0:00:00.200274


2020-06-17 15:55:49 INFO
/Users/eden/workspace/djangoWebServer/apps/test_platform/api_framework/director.py
process_id:22516
thread_id:123145494007808
report_id:159
task_status:完成
test_task:deque([{'api_name': 'django测试接口', 'method': 'GET', 'path': '/demo/django/', 'case_id': '1', 'interface_id': '443', 'reconnection_times': 3, 'wait_time': 10, 'headers': '{}', 'data': '{"a":"测试参数"}', 'mock_status': False, 'mock_response': '{}', 'expression_status': False, 'text': None, 'sort': 0, 'status': True, 'create_time': '2020-06-14', 'update_time': '2020-06-14'}, {'api_name': '所有接口数据', 'method': 'GET', 'path': '/platform/ProjectViews/', 'case_id': '1', 'interface_id': '1', 'reconnection_times': 3, 'wait_time': 10, 'headers': '{}', 'data': '{"test":$..&0#}', 'mock_status': False, 'mock_response': '{}', 'expression_status': True, 'text': None, 'sort': 1, 'status': True, 'create_time': '2020-06-14', 'update_time': '2020-06-14'}])
time_taken:0:00:00.232868


2020-06-17 15:59:39 INFO
/Users/eden/workspace/djangoWebServer/apps/test_platform/api_framework/director.py
process_id:22546
thread_id:123145331879936
report_id:160
task_status:完成
test_task:deque([{'api_name': 'django测试接口', 'method': 'GET', 'path': '/demo/django/', 'case_id': '1', 'interface_id': '443', 'reconnection_times': 3, 'wait_time': 10, 'headers': '{}', 'data': '{"a":"测试参数"}', 'mock_status': False, 'mock_response': '{}', 'expression_status': False, 'text': None, 'sort': 0, 'status': True, 'create_time': '2020-06-14', 'update_time': '2020-06-14'}, {'api_name': '所有接口数据', 'method': 'GET', 'path': '/platform/ProjectViews/', 'case_id': '1', 'interface_id': '1', 'reconnection_times': 3, 'wait_time': 10, 'headers': '{}', 'data': '{"test":$..&0#}', 'mock_status': False, 'mock_response': '{}', 'expression_status': True, 'text': None, 'sort': 1, 'status': True, 'create_time': '2020-06-14', 'update_time': '2020-06-14'}])
time_taken:0:00:00.201664


2020-06-17 16:03:38 INFO
/Users/eden/workspace/djangoWebServer/apps/test_platform/api_framework/director.py
process_id:22578
thread_id:123145494253568
report_id:161
task_status:完成
test_task:deque([{'api_name': 'django测试接口', 'method': 'GET', 'path': '/demo/django/', 'case_id': '1', 'interface_id': '443', 'reconnection_times': 3, 'wait_time': 10, 'headers': '{}', 'data': '{"a":"测试参数"}', 'mock_status': False, 'mock_response': '{}', 'expression_status': False, 'text': None, 'sort': 0, 'status': True, 'create_time': '2020-06-14', 'update_time': '2020-06-14'}, {'api_name': '所有接口数据', 'method': 'GET', 'path': '/platform/ProjectViews/', 'case_id': '1', 'interface_id': '1', 'reconnection_times': 3, 'wait_time': 10, 'headers': '{}', 'data': '{"test":$..&0#}', 'mock_status': False, 'mock_response': '{}', 'expression_status': True, 'text': None, 'sort': 1, 'status': True, 'create_time': '2020-06-14', 'update_time': '2020-06-14'}])
time_taken:0:00:00.254968


2020-06-17 16:20:12 INFO
/Users/eden/workspace/djangoWebServer/apps/test_platform/api_framework/director.py
process_id:22694
thread_id:123145380810752
report_id:162
task_status:完成
test_task:deque([{'api_name': 'django测试接口', 'method': 'GET', 'path': '/demo/django/', 'case_id': '1', 'interface_id': '443', 'reconnection_times': 3, 'wait_time': 10, 'headers': '{}', 'data': '{"a":"测试参数"}', 'mock_status': False, 'mock_response': '{}', 'expression_status': False, 'text': None, 'sort': 0, 'status': True, 'create_time': '2020-06-14', 'update_time': '2020-06-14'}, {'api_name': '所有接口数据', 'method': 'GET', 'path': '/platform/ProjectViews/', 'case_id': '1', 'interface_id': '1', 'reconnection_times': 3, 'wait_time': 10, 'headers': '{}', 'data': '{"test":$..&0#}', 'mock_status': False, 'mock_response': '{}', 'expression_status': True, 'text': None, 'sort': 1, 'status': True, 'create_time': '2020-06-14', 'update_time': '2020-06-14'}])
time_taken:0:00:00.775374


2020-06-17 16:32:22 INFO
/Users/eden/workspace/djangoWebServer/apps/test_platform/api_framework/director.py
process_id:22783
thread_id:123145524609024
report_id:163
task_status:完成
test_task:deque([{'api_name': 'django测试接口', 'method': 'GET', 'path': '/demo/django/', 'case_id': '1', 'interface_id': '443', 'reconnection_times': 3, 'wait_time': 10, 'headers': '{}', 'data': '{"a":"测试参数"}', 'mock_status': False, 'mock_response': '{}', 'expression_status': False, 'text': None, 'sort': 0, 'status': True, 'create_time': '2020-06-14', 'update_time': '2020-06-14', 'id': 1}, {'api_name': '所有接口数据', 'method': 'GET', 'path': '/platform/ProjectViews/', 'case_id': '1', 'interface_id': '1', 'reconnection_times': 3, 'wait_time': 10, 'headers': '{}', 'data': '{"test":$..&0#}', 'mock_status': False, 'mock_response': '{}', 'expression_status': True, 'text': None, 'sort': 1, 'status': True, 'create_time': '2020-06-14', 'update_time': '2020-06-14', 'id': 2}])
time_taken:0:00:00.770643


2020-06-17 16:36:31 INFO
/Users/eden/workspace/djangoWebServer/apps/test_platform/api_framework/director.py
process_id:22809
thread_id:123145504096256
report_id:164
task_status:完成
test_task:deque([{'api_name': 'django测试接口', 'method': 'GET', 'path': '/demo/django/', 'case_id': '1', 'interface_id': '443', 'reconnection_times': 3, 'wait_time': 10, 'headers': '{}', 'data': '{"a":"测试参数"}', 'mock_status': False, 'mock_response': '{}', 'expression_status': False, 'text': None, 'sort': 0, 'status': True, 'create_time': '2020-06-14', 'update_time': '2020-06-14', 'id': 1}, {'api_name': '所有接口数据', 'method': 'GET', 'path': '/platform/ProjectViews/', 'case_id': '1', 'interface_id': '1', 'reconnection_times': 3, 'wait_time': 10, 'headers': '{}', 'data': '{"test":$..&0#}', 'mock_status': False, 'mock_response': '{}', 'expression_status': True, 'text': None, 'sort': 1, 'status': True, 'create_time': '2020-06-14', 'update_time': '2020-06-14', 'id': 2}])
time_taken:0:00:00.778212


2020-06-17 16:42:53 INFO
/Users/eden/workspace/djangoWebServer/apps/test_platform/api_framework/director.py
process_id:22854
thread_id:123145551970304
report_id:165
task_status:完成
test_task:deque([{'api_name': 'django测试接口', 'method': 'GET', 'path': '/demo/django/', 'case_id': '1', 'interface_id': '443', 'reconnection_times': 3, 'wait_time': 10, 'headers': '{}', 'data': '{"a":"测试参数"}', 'mock_status': False, 'mock_response': '{}', 'expression_status': False, 'text': None, 'sort': 0, 'status': True, 'create_time': '2020-06-14', 'update_time': '2020-06-14', 'id': 1}, {'api_name': '所有接口数据', 'method': 'GET', 'path': '/platform/ProjectViews/', 'case_id': '1', 'interface_id': '1', 'reconnection_times': 3, 'wait_time': 10, 'headers': '{}', 'data': '{"test":$..&0#}', 'mock_status': False, 'mock_response': '{}', 'expression_status': True, 'text': None, 'sort': 1, 'status': True, 'create_time': '2020-06-14', 'update_time': '2020-06-14', 'id': 2}])
time_taken:0:00:00.779012


2020-06-17 16:45:32 INFO
/Users/eden/workspace/djangoWebServer/apps/test_platform/api_framework/director.py
process_id:22871
thread_id:123145494556672
report_id:166
task_status:完成
test_task:deque([{'api_name': 'django测试接口', 'method': 'GET', 'path': '/demo/django/', 'case_id': '1', 'interface_id': '443', 'reconnection_times': 3, 'wait_time': 10, 'headers': '{}', 'data': '{"a":"测试参数"}', 'mock_status': False, 'mock_response': '{}', 'expression_status': False, 'text': None, 'sort': 0, 'status': True, 'create_time': '2020-06-14', 'update_time': '2020-06-14', 'id': 1}, {'api_name': '所有接口数据', 'method': 'GET', 'path': '/platform/ProjectViews/', 'case_id': '1', 'interface_id': '1', 'reconnection_times': 3, 'wait_time': 10, 'headers': '{}', 'data': '{"test":$..&0#}', 'mock_status': False, 'mock_response': '{}', 'expression_status': True, 'text': None, 'sort': 1, 'status': True, 'create_time': '2020-06-14', 'update_time': '2020-06-14', 'id': 2}])
time_taken:0:00:00.801737


2020-06-17 16:57:46 INFO
/Users/eden/workspace/djangoWebServer/apps/test_platform/api_framework/director.py
process_id:22950
thread_id:123145511841792
report_id:167
task_status:完成
test_task:deque([{'api_name': 'django测试接口', 'method': 'GET', 'path': '/demo/django/', 'case_id': '1', 'interface_id': '443', 'reconnection_times': 3, 'wait_time': 10, 'headers': '{}', 'data': '{"a":"测试参数"}', 'mock_status': False, 'mock_response': '{}', 'expression_status': False, 'text': None, 'sort': 0, 'status': True, 'create_time': '2020-06-14', 'update_time': '2020-06-14', 'id': 1}, {'api_name': '所有接口数据', 'method': 'GET', 'path': '/platform/ProjectViews/', 'case_id': '1', 'interface_id': '1', 'reconnection_times': 3, 'wait_time': 10, 'headers': '{}', 'data': '{"test":$..&0#}', 'mock_status': False, 'mock_response': '{}', 'expression_status': True, 'text': None, 'sort': 1, 'status': True, 'create_time': '2020-06-14', 'update_time': '2020-06-14', 'id': 2}])
time_taken:0:00:00.252704


2020-06-17 17:11:06 INFO
/Users/eden/workspace/djangoWebServer/apps/test_platform/api_framework/director.py
process_id:23103
thread_id:123145578881024
report_id:168
task_status:完成
test_task:deque([{'api_name': 'django测试接口', 'method': 'GET', 'path': '/demo/django/', 'case_id': '1', 'interface_id': '443', 'reconnection_times': 3, 'wait_time': 10, 'headers': '{}', 'data': '{"a":"测试参数"}', 'mock_status': False, 'mock_response': '{}', 'expression_status': False, 'text': None, 'sort': 0, 'status': True, 'create_time': '2020-06-14', 'update_time': '2020-06-14', 'id': 1}, {'api_name': '所有接口数据', 'method': 'GET', 'path': '/platform/ProjectViews/', 'case_id': '1', 'interface_id': '1', 'reconnection_times': 3, 'wait_time': 10, 'headers': '{}', 'data': '{"test":$..&0#}', 'mock_status': False, 'mock_response': '{}', 'expression_status': True, 'text': None, 'sort': 1, 'status': True, 'create_time': '2020-06-14', 'update_time': '2020-06-14', 'id': 2}])
time_taken:0:00:00.783512


2020-06-17 17:15:13 INFO
/Users/eden/workspace/djangoWebServer/apps/test_platform/api_framework/director.py
process_id:23127
thread_id:123145509433344
report_id:169
task_status:完成
test_task:deque([{'api_name': 'django测试接口', 'method': 'GET', 'path': '/demo/django/', 'case_id': '1', 'interface_id': '443', 'reconnection_times': 3, 'wait_time': 10, 'headers': '{}', 'data': '{"a":"测试参数"}', 'mock_status': False, 'mock_response': '{}', 'expression_status': False, 'text': None, 'sort': 0, 'status': True, 'create_time': '2020-06-14', 'update_time': '2020-06-14', 'id': 1}, {'api_name': '所有接口数据', 'method': 'GET', 'path': '/platform/ProjectViews/', 'case_id': '1', 'interface_id': '1', 'reconnection_times': 3, 'wait_time': 10, 'headers': '{}', 'data': '{"test":$..&0#}', 'mock_status': False, 'mock_response': '{}', 'expression_status': True, 'text': None, 'sort': 1, 'status': True, 'create_time': '2020-06-14', 'update_time': '2020-06-14', 'id': 2}])
time_taken:0:00:01.356942


2020-06-17 17:25:54 INFO
/Users/eden/workspace/djangoWebServer/apps/test_platform/api_framework/director.py
process_id:23233
thread_id:123145415643136
report_id:170
task_status:完成
test_task:deque([{'api_name': 'django测试接口', 'method': 'GET', 'path': '/demo/django/', 'case_id': '1', 'interface_id': '443', 'reconnection_times': 3, 'wait_time': 10, 'headers': '{}', 'data': '{"a":"测试参数"}', 'mock_status': False, 'mock_response': '{}', 'expression_status': False, 'text': None, 'sort': 0, 'status': True, 'create_time': '2020-06-14', 'update_time': '2020-06-14', 'id': 1, 'checkpoint_list': []}, {'api_name': '所有接口数据', 'method': 'GET', 'path': '/platform/ProjectViews/', 'case_id': '1', 'interface_id': '1', 'reconnection_times': 3, 'wait_time': 10, 'headers': '{}', 'data': '{"test":$..&0#}', 'mock_status': False, 'mock_response': '{}', 'expression_status': True, 'text': None, 'sort': 1, 'status': True, 'create_time': '2020-06-14', 'update_time': '2020-06-14', 'id': 2, 'checkpoint_list': [{'case_detail_id': '2', 'point_object': '$..', 'check_method': 'assertEqual', 'check_value': '1'}]}])
time_taken:0:00:00.226404

